2021-06-29 10:51:12,909 - mylogger - INFO - cannot unpack non-iterable NoneType object
2021-06-29 10:53:45,237 - mylogger - INFO - cannot unpack non-iterable NoneType object
2021-06-29 10:56:33,226 - mylogger - INFO - cannot unpack non-iterable NoneType object
2021-06-29 10:56:38,625 - mylogger - INFO - cannot unpack non-iterable NoneType object
2021-06-29 10:56:38,625 - mylogger - INFO - cannot unpack non-iterable NoneType object
2021-06-29 11:05:59,460 - mylogger - INFO - Message: Element <button class="wpO6b ZQScA " type="button"> is not clickable at point (1048,89) because another element <div class="h6wjK"> obscures it

2021-06-29 11:06:03,579 - mylogger - INFO - Message: Element <button class="wpO6b ZQScA " type="button"> is not clickable at point (1106,29) because another element <div class="_47KiJ"> obscures it

2021-06-29 11:06:03,579 - mylogger - INFO - Message: Element <button class="wpO6b ZQScA " type="button"> is not clickable at point (1106,29) because another element <div class="_47KiJ"> obscures it

2021-06-29 11:10:29,990 - mylogger - INFO - Message: TypeError: document.getElementsByClassName(...).scrollTo is not a function

2021-06-29 11:10:34,563 - mylogger - INFO - Message: TypeError: document.getElementsByClassName(...).scrollTo is not a function

2021-06-29 11:10:34,563 - mylogger - INFO - Message: TypeError: document.getElementsByClassName(...).scrollTo is not a function

2021-06-29 11:10:41,250 - mylogger - INFO - Message: TypeError: document.getElementsByClassName(...).scrollTo is not a function

2021-06-29 11:10:41,250 - mylogger - INFO - Message: TypeError: document.getElementsByClassName(...).scrollTo is not a function

2021-06-29 11:10:41,250 - mylogger - INFO - Message: TypeError: document.getElementsByClassName(...).scrollTo is not a function

2021-06-29 12:13:03,213 - mylogger - INFO - Message: invalid type: map, expected a string at line 1 column 28

2021-06-29 12:15:23,461 - mylogger - INFO - Message: invalid type: map, expected a string at line 1 column 28

2021-06-29 12:17:07,740 - mylogger - INFO - Message: invalid type: map, expected a string at line 1 column 28

2021-06-29 12:17:15,011 - mylogger - INFO - Message: invalid type: map, expected a string at line 1 column 28

2021-06-29 12:17:15,011 - mylogger - INFO - Message: invalid type: map, expected a string at line 1 column 28

2021-06-29 14:59:04,044 - mylogger - INFO - Message: invalid type: map, expected a string at line 1 column 28

2021-06-29 15:00:47,587 - mylogger - INFO - Message: TypeError: document.getElementsByClassName(...).scrollTo is not a function

2021-06-29 15:00:54,246 - mylogger - INFO - Message: TypeError: document.getElementsByClassName(...).scrollTo is not a function

2021-06-29 15:00:54,246 - mylogger - INFO - Message: TypeError: document.getElementsByClassName(...).scrollTo is not a function

2021-06-29 15:11:37,259 - mylogger - INFO - cannot unpack non-iterable FirefoxWebElement object
2021-06-29 15:11:43,986 - mylogger - INFO - cannot unpack non-iterable FirefoxWebElement object
2021-06-29 15:11:43,986 - mylogger - INFO - cannot unpack non-iterable FirefoxWebElement object
